2018-01-05 18:47:57,130 - 1773 - __main__ - DEBUG - Logger initialized
2018-01-05 18:48:00,430 - 5074 - __main__ - DEBUG - Trying to flush the recv buffer... (~2 sec wait)
2018-01-05 18:48:02,549 - 7192 - __main__ - DEBUG - Wrote b'atd'
2018-01-05 18:48:02,556 - 7200 - __main__ - DEBUG - Read [['atd'], ['OK']]
2018-01-05 18:48:02,556 - 7200 - __main__ - DEBUG - Performed reset
2018-01-05 18:48:03,574 - 8217 - __main__ - DEBUG - Wrote b'ath1'
2018-01-05 18:48:03,576 - 8219 - __main__ - DEBUG - Read [['ath1'], ['OK']]
2018-01-05 18:48:03,576 - 8219 - __main__ - DEBUG - Command: b'ath1' Result: [['ath1'], ['OK']]
2018-01-05 18:48:03,588 - 8232 - __main__ - DEBUG - Wrote b'atl0'
2018-01-05 18:48:03,597 - 8241 - __main__ - DEBUG - Read [['atl0'], ['OK']]
2018-01-05 18:48:03,597 - 8241 - __main__ - DEBUG - Command: b'atl0' Result: [['atl0'], ['OK']]
2018-01-05 18:48:03,604 - 8248 - __main__ - DEBUG - Wrote b'ate1'
2018-01-05 18:48:03,612 - 8256 - __main__ - DEBUG - Read [['ate1'], ['OK']]
2018-01-05 18:48:03,612 - 8256 - __main__ - DEBUG - Command: b'ate1' Result: [['ate1'], ['OK']]
2018-01-05 18:48:03,617 - 8261 - __main__ - DEBUG - Wrote b'ats1'
2018-01-05 18:48:03,621 - 8264 - __main__ - DEBUG - Read [['ats1'], ['OK']]
2018-01-05 18:48:03,621 - 8264 - __main__ - DEBUG - Command: b'ats1' Result: [['ats1'], ['OK']]
2018-01-05 18:48:03,630 - 8274 - __main__ - DEBUG - Wrote b'atpbc001'
2018-01-05 18:48:03,632 - 8276 - __main__ - DEBUG - Read [['atpbc001'], ['OK']]
2018-01-05 18:48:03,632 - 8276 - __main__ - DEBUG - Command: b'atpbc001' Result: [['atpbc001'], ['OK']]
2018-01-05 18:48:03,644 - 8288 - __main__ - DEBUG - Wrote b'atd1'
2018-01-05 18:48:03,651 - 8294 - __main__ - DEBUG - Read [['atd1'], ['OK']]
2018-01-05 18:48:03,651 - 8294 - __main__ - DEBUG - Command: b'atd1' Result: [['atd1'], ['OK']]
2018-01-05 18:48:03,658 - 8301 - __main__ - DEBUG - Wrote b'atspb'
2018-01-05 18:48:03,665 - 8309 - __main__ - DEBUG - Read [['atspb'], ['OK']]
2018-01-05 18:48:03,665 - 8309 - __main__ - DEBUG - Command: b'atspb' Result: [['atspb'], ['OK']]
2018-01-05 18:48:03,670 - 8314 - __main__ - DEBUG - Wrote b'atal'
2018-01-05 18:48:03,681 - 8325 - __main__ - DEBUG - Read [['atal'], ['OK']]
2018-01-05 18:48:03,681 - 8325 - __main__ - DEBUG - Command: b'atal' Result: [['atal'], ['OK']]
2018-01-05 18:48:03,684 - 8327 - __main__ - DEBUG - Wrote b'atcm000'
2018-01-05 18:48:03,695 - 8338 - __main__ - DEBUG - Read [['atcm000'], ['OK']]
2018-01-05 18:48:03,695 - 8338 - __main__ - DEBUG - Command: b'atcm000' Result: [['atcm000'], ['OK']]
2018-01-05 18:48:03,697 - 8340 - __main__ - DEBUG - Wrote b'atv1'
2018-01-05 18:48:03,698 - 8341 - __main__ - DEBUG - Read [['atv1'], ['OK']]
2018-01-05 18:48:03,698 - 8341 - __main__ - DEBUG - Command: b'atv1' Result: [['atv1'], ['OK']]
2018-01-05 18:48:03,710 - 8354 - __main__ - DEBUG - Wrote b'atcf000'
2018-01-05 18:48:03,712 - 8356 - __main__ - DEBUG - Read [['atcf000'], ['OK']]
2018-01-05 18:48:03,712 - 8356 - __main__ - DEBUG - Command: b'atcf000' Result: [['atcf000'], ['OK']]
2018-01-05 18:48:03,724 - 8368 - __main__ - DEBUG - Wrote b'atcfc0'
2018-01-05 18:48:03,734 - 8377 - __main__ - DEBUG - Read [['atcfc0'], ['OK']]
2018-01-05 18:48:03,734 - 8377 - __main__ - DEBUG - Command: b'atcfc0' Result: [['atcfc0'], ['OK']]
2018-01-05 18:48:03,740 - 8383 - __main__ - DEBUG - Wrote b'atcaf0'
2018-01-05 18:48:03,764 - 8408 - __main__ - DEBUG - Read [['atcaf0'], ['OK']]
2018-01-05 18:48:03,764 - 8408 - __main__ - DEBUG - Command: b'atcaf0' Result: [['atcaf0'], ['OK']]
2018-01-05 18:48:05,520 - 10164 - __main__ - DEBUG - Wrote b'atsh200'
2018-01-05 18:48:05,532 - 10175 - __main__ - DEBUG - Read [['atsh200'], ['OK']]
2018-01-05 18:48:05,536 - 10179 - __main__ - DEBUG - Wrote b'atcra201'
2018-01-05 18:48:05,553 - 10196 - __main__ - DEBUG - Read [['atcra201'], ['OK']]
2018-01-05 18:48:05,564 - 10208 - __main__ - DEBUG - Wrote b'01 c0 00 10 00 03 01 1'
2018-01-05 18:48:05,588 - 10232 - __main__ - DEBUG - Read [['01', 'c0', '00', '10', '00', '03', '01', '1'], ['300', '1', 'A8']]
2018-01-05 18:48:05,603 - 10246 - __main__ - DEBUG - Wrote b'atsh740'
2018-01-05 18:48:05,605 - 10248 - __main__ - DEBUG - Read [['atsh740'], ['OK']]
2018-01-05 18:48:05,618 - 10261 - __main__ - DEBUG - Wrote b'atcra300'
2018-01-05 18:48:05,641 - 10284 - __main__ - DEBUG - Read [['atcra300'], ['OK']]
2018-01-05 18:48:05,643 - 10287 - __main__ - DEBUG - Wrote b'a0 0f 8a ff 4a ff'
2018-01-05 18:48:05,692 - 10336 - __main__ - DEBUG - Read [['a0', '0f', '8a', 'ff', '4a', 'ff'], ['300', '6', 'A1', '0F', '8A', 'FF', '4A', 'FF']]
2018-01-05 18:48:05,753 - 10397 - __main__ - DEBUG - Wrote b' 30 00 02 10 89'
2018-01-05 18:48:05,815 - 10459 - __main__ - DEBUG - Read [['STOPPED'], ['>30', '00', '02', '10', '89'], ['300', '5', '10', '00', '02', '50', '89']]
2018-01-05 18:48:05,868 - 10511 - __main__ - DEBUG - Wrote b' b1'
2018-01-05 18:48:05,873 - 10517 - __main__ - DEBUG - Read [['STOPPED']]
2018-01-05 18:48:05,987 - 10631 - __main__ - DEBUG - Wrote b'11 00 02 21 01'
2018-01-05 18:48:06,024 - 10668 - __main__ - DEBUG - Read [['STOPPED'], ['>1', '00', '02', '21', '01'], ['300', '1', 'B1']]
2018-01-05 18:48:43,111 - 2066 - __main__ - DEBUG - Logger initialized
2018-01-05 18:48:45,771 - 4726 - __main__ - DEBUG - Trying to flush the recv buffer... (~2 sec wait)
2018-01-05 18:48:47,886 - 6841 - __main__ - DEBUG - Wrote b'atd'
2018-01-05 18:48:47,896 - 6851 - __main__ - DEBUG - Read [['atd'], ['OK']]
2018-01-05 18:48:47,896 - 6851 - __main__ - DEBUG - Performed reset
2018-01-05 18:48:48,902 - 7857 - __main__ - DEBUG - Wrote b'ath1'
2018-01-05 18:48:48,911 - 7866 - __main__ - DEBUG - Read [['ath1'], ['OK']]
2018-01-05 18:48:48,911 - 7866 - __main__ - DEBUG - Command: b'ath1' Result: [['ath1'], ['OK']]
2018-01-05 18:48:48,916 - 7871 - __main__ - DEBUG - Wrote b'atl0'
2018-01-05 18:48:48,926 - 7881 - __main__ - DEBUG - Read [['atl0'], ['OK']]
2018-01-05 18:48:48,926 - 7881 - __main__ - DEBUG - Command: b'atl0' Result: [['atl0'], ['OK']]
2018-01-05 18:48:48,929 - 7884 - __main__ - DEBUG - Wrote b'ate1'
2018-01-05 18:48:48,937 - 7892 - __main__ - DEBUG - Read [['ate1'], ['OK']]
2018-01-05 18:48:48,942 - 7897 - __main__ - DEBUG - Command: b'ate1' Result: [['ate1'], ['OK']]
2018-01-05 18:48:48,943 - 7898 - __main__ - DEBUG - Wrote b'ats1'
2018-01-05 18:48:48,945 - 7900 - __main__ - DEBUG - Read [['ats1'], ['OK']]
2018-01-05 18:48:48,945 - 7900 - __main__ - DEBUG - Command: b'ats1' Result: [['ats1'], ['OK']]
2018-01-05 18:48:48,956 - 7911 - __main__ - DEBUG - Wrote b'atpbc001'
2018-01-05 18:48:48,959 - 7914 - __main__ - DEBUG - Read [['atpbc001'], ['OK']]
2018-01-05 18:48:48,959 - 7914 - __main__ - DEBUG - Command: b'atpbc001' Result: [['atpbc001'], ['OK']]
2018-01-05 18:48:48,969 - 7924 - __main__ - DEBUG - Wrote b'atd1'
2018-01-05 18:48:48,981 - 7936 - __main__ - DEBUG - Read [['atd1'], ['OK']]
2018-01-05 18:48:48,982 - 7937 - __main__ - DEBUG - Command: b'atd1' Result: [['atd1'], ['OK']]
2018-01-05 18:48:48,983 - 7938 - __main__ - DEBUG - Wrote b'atspb'
2018-01-05 18:48:48,991 - 7946 - __main__ - DEBUG - Read [['atspb'], ['OK']]
2018-01-05 18:48:48,995 - 7949 - __main__ - DEBUG - Command: b'atspb' Result: [['atspb'], ['OK']]
2018-01-05 18:48:48,996 - 7951 - __main__ - DEBUG - Wrote b'atal'
2018-01-05 18:48:49,007 - 7962 - __main__ - DEBUG - Read [['atal'], ['OK']]
2018-01-05 18:48:49,008 - 7963 - __main__ - DEBUG - Command: b'atal' Result: [['atal'], ['OK']]
2018-01-05 18:48:49,009 - 7964 - __main__ - DEBUG - Wrote b'atcm000'
2018-01-05 18:48:49,021 - 7976 - __main__ - DEBUG - Read [['atcm000'], ['OK']]
2018-01-05 18:48:49,021 - 7976 - __main__ - DEBUG - Command: b'atcm000' Result: [['atcm000'], ['OK']]
2018-01-05 18:48:49,023 - 7978 - __main__ - DEBUG - Wrote b'atv1'
2018-01-05 18:48:49,034 - 7989 - __main__ - DEBUG - Read [['atv1'], ['OK']]
2018-01-05 18:48:49,034 - 7989 - __main__ - DEBUG - Command: b'atv1' Result: [['atv1'], ['OK']]
2018-01-05 18:48:49,036 - 7991 - __main__ - DEBUG - Wrote b'atcf000'
2018-01-05 18:48:49,053 - 8008 - __main__ - DEBUG - Read [['atcf000'], ['OK']]
2018-01-05 18:48:49,054 - 8009 - __main__ - DEBUG - Command: b'atcf000' Result: [['atcf000'], ['OK']]
2018-01-05 18:48:49,055 - 8010 - __main__ - DEBUG - Wrote b'atcfc0'
2018-01-05 18:48:49,079 - 8034 - __main__ - DEBUG - Read [['atcfc0'], ['OK']]
2018-01-05 18:48:49,080 - 8035 - __main__ - DEBUG - Command: b'atcfc0' Result: [['atcfc0'], ['OK']]
2018-01-05 18:48:49,081 - 8036 - __main__ - DEBUG - Wrote b'atcaf0'
2018-01-05 18:48:49,104 - 8059 - __main__ - DEBUG - Read [['atcaf0'], ['OK']]
2018-01-05 18:48:49,104 - 8059 - __main__ - DEBUG - Command: b'atcaf0' Result: [['atcaf0'], ['OK']]
2018-01-05 18:48:52,970 - 11925 - __main__ - DEBUG - Wrote b'atsh200'
2018-01-05 18:48:52,980 - 11935 - __main__ - DEBUG - Read [['atsh200'], ['OK']]
2018-01-05 18:48:52,984 - 11939 - __main__ - DEBUG - Wrote b'atcra201'
2018-01-05 18:48:53,003 - 11958 - __main__ - DEBUG - Read [['atcra201'], ['OK']]
2018-01-05 18:48:53,005 - 11960 - __main__ - DEBUG - Wrote b'01 c0 00 10 00 03 01 1'
2018-01-05 18:48:53,040 - 11995 - __main__ - DEBUG - Read [['01', 'c0', '00', '10', '00', '03', '01', '1'], ['300', '1', 'A8']]
2018-01-05 18:48:53,044 - 11999 - __main__ - DEBUG - Wrote b'atsh740'
2018-01-05 18:48:53,060 - 12015 - __main__ - DEBUG - Read [['atsh740'], ['OK']]
2018-01-05 18:48:53,062 - 12017 - __main__ - DEBUG - Wrote b'atcra300'
2018-01-05 18:48:53,073 - 12028 - __main__ - DEBUG - Read [['atcra300'], ['OK']]
2018-01-05 18:48:53,075 - 12030 - __main__ - DEBUG - Wrote b'a0 0f 8a ff 4a ff'
2018-01-05 18:48:53,133 - 12088 - __main__ - DEBUG - Read [['a0', '0f', '8a', 'ff', '4a', 'ff'], ['300', '6', 'A1', '0F', '8A', 'FF', '4A', 'FF']]
2018-01-05 18:48:53,194 - 12149 - __main__ - DEBUG - Wrote b' 30 00 02 10 89'
2018-01-05 18:48:53,260 - 12215 - __main__ - DEBUG - Read [['STOPPED'], ['>30', '00', '02', '10', '89'], ['300', '5', '10', '00', '02', '50', '89']]
2018-01-05 18:48:53,316 - 12271 - __main__ - DEBUG - Wrote b' b1'
2018-01-05 18:48:53,330 - 12285 - __main__ - DEBUG - Read [['STOPPED']]
2018-01-05 18:48:53,434 - 12389 - __main__ - DEBUG - Wrote b' 11 00 02 21 01'
2018-01-05 18:48:53,628 - 12583 - __main__ - DEBUG - Read [['STOPPED'], ['>11', '00', '02', '21', '01'], ['300', '1', 'B2'], ['300', '8', '21', '00', '1A', '61', '01', '01', 'C8', '00'], ['300', '8', '22', '05', '0A', '77', '14', '32', '80', '10'], ['300', '8', '23', 'FF', 'B2', '25', '00', '00', '25', '00'], ['300', '8', '14', '00', '25', '00', '00', '25', '00', '00']]
